Using pre-set license
Built from '2020.3/release' branch; Version is '2020.3.1f1 (77a89f25062f) revision 7841951'; Using compiler version '192528614'; Build Type 'Release'
OS: 'Windows 10 Pro Education; OS build 19042.1706; Version 2009; 64bit' Language: 'es' Physical Memory: 16296 MB
BatchMode: 1, IsHumanControllingUs: 0, StartBugReporterOnCrash: 0, Is64bit: 1, IsPro: 0

 COMMAND LINE ARGUMENTS:
C:\Program Files\Unity\Hub\Editor\2020.3.1f1\Editor\Unity.exe
-adb2
-batchMode
-noUpm
-name
AssetImportWorker0
-projectPath
D:/garci/Segunda promocion/Programacion/Github/Repositorios/ZAXXON2MARIOLUISGARCIA/ZAXXON-Unity-MarioLuisGarcia
-logFile
Logs/AssetImportWorker0.log
-srvPort
56479
Successfully changed project path to: D:/garci/Segunda promocion/Programacion/Github/Repositorios/ZAXXON2MARIOLUISGARCIA/ZAXXON-Unity-MarioLuisGarcia
D:/garci/Segunda promocion/Programacion/Github/Repositorios/ZAXXON2MARIOLUISGARCIA/ZAXXON-Unity-MarioLuisGarcia
Using Asset Import Pipeline V2.
Refreshing native plugins compatible for Editor in 23.84 ms, found 0 plugins.
Preloading 0 native plugins for Editor in 0.00 ms.
Initialize engine version: 2020.3.1f1 (77a89f25062f)
[Subsystems] Discovering subsystems at path C:/Program Files/Unity/Hub/Editor/2020.3.1f1/Editor/Data/Resources/UnitySubsystems
[Subsystems] Discovering subsystems at path D:/garci/Segunda promocion/Programacion/Github/Repositorios/ZAXXON2MARIOLUISGARCIA/ZAXXON-Unity-MarioLuisGarcia/Assets
GfxDevice: creating device client; threaded=0
Direct3D:
    Version:  Direct3D 11.0 [level 11.1]
    Renderer: NVIDIA GeForce GTX 1660 SUPER (ID=0x21c4)
    Vendor:   
    VRAM:     5992 MB
    Driver:   30.0.15.1215
Initialize mono
Mono path[0] = 'C:/Program Files/Unity/Hub/Editor/2020.3.1f1/Editor/Data/Managed'
Mono path[1] = 'C:/Program Files/Unity/Hub/Editor/2020.3.1f1/Editor/Data/MonoBleedingEdge/lib/mono/unityjit'
Mono config path = 'C:/Program Files/Unity/Hub/Editor/2020.3.1f1/Editor/Data/MonoBleedingEdge/etc'
Using monoOptions --debugger-agent=transport=dt_socket,embedding=1,server=y,suspend=n,address=127.0.0.1:56664
Begin MonoManager ReloadAssembly
Registering precompiled unity dll's ...
Register platform support module: C:/Program Files/Unity/Hub/Editor/2020.3.1f1/Editor/Data/PlaybackEngines/WindowsStandaloneSupport/UnityEditor.WindowsStandalone.Extensions.dll
Registered in 0.001475 seconds.
Native extension for WindowsStandalone target not found
Refreshing native plugins compatible for Editor in 24.76 ms, found 0 plugins.
Preloading 0 native plugins for Editor in 0.00 ms.
Invoked RoslynAnalysisRunner static constructor.
RoslynAnalysisRunner will not be running.
RoslynAnalysisRunner has terminated.
Mono: successfully reloaded assembly
- Completed reload, in  1.446 seconds
Platform modules already initialized, skipping
Registering precompiled user dll's ...
Registered in 0.000504 seconds.
Begin MonoManager ReloadAssembly
Native extension for WindowsStandalone target not found
Refreshing native plugins compatible for Editor in 24.60 ms, found 0 plugins.
Preloading 0 native plugins for Editor in 0.00 ms.
Invoked RoslynAnalysisRunner static constructor.
RoslynAnalysisRunner will not be running.
RoslynAnalysisRunner has terminated.
Mono: successfully reloaded assembly
- Completed reload, in  0.783 seconds
Platform modules already initialized, skipping
========================================================================
Worker process is ready to serve import requests
Launched and connected shader compiler UnityShaderCompiler.exe after 0.03 seconds
Refreshing native plugins compatible for Editor in 0.22 ms, found 0 plugins.
Preloading 0 native plugins for Editor in 0.00 ms.
Unloading 1411 Unused Serialized files (Serialized files now loaded: 0)
System memory in use before: 68.0 MB.
System memory in use after: 68.1 MB.

Unloading 12 unused Assets to reduce memory usage. Loaded Objects now: 1856.
Total: 1.778200 ms (FindLiveObjects: 0.141000 ms CreateObjectMapping: 0.040600 ms MarkObjects: 1.533700 ms  DeleteObjects: 0.062200 ms)

========================================================================
Received Import Request.
  path: Assets/InputS
  artifactKey: Guid(9ece9e5639abc6d48bb806e8a7240563) Importer(815301076,1909f56bfc062723c751e8b465ee728b)
Start importing Assets/InputS using Guid(9ece9e5639abc6d48bb806e8a7240563) Importer(815301076,1909f56bfc062723c751e8b465ee728b)  -> (artifact id: '90bdb447e3291935e847a38c66161548') in 0.009054 seconds
  Import took 0.010989 seconds .

========================================================================
Received Import Request.
  Time since last request: 6.686206 seconds.
  path: Assets/InputS/player.inputactions
  artifactKey: Guid(9abbec16ce5a79d4f9062fd125c3cefa) Importer(815301076,1909f56bfc062723c751e8b465ee728b)
Start importing Assets/InputS/player.inputactions using Guid(9abbec16ce5a79d4f9062fd125c3cefa) Importer(815301076,1909f56bfc062723c751e8b465ee728b)  -> (artifact id: '5080a63f916272328733802a87e2ef1b') in 0.032294 seconds
  Import took 0.034279 seconds .

========================================================================
Received Prepare
Registering precompiled user dll's ...
Registered in 0.000591 seconds.
Begin MonoManager ReloadAssembly
Native extension for WindowsStandalone target not found
Refreshing native plugins compatible for Editor in 0.22 ms, found 0 plugins.
Preloading 0 native plugins for Editor in 0.00 ms.
Invoked RoslynAnalysisRunner static constructor.
RoslynAnalysisRunner will not be running.
RoslynAnalysisRunner has terminated.
Mono: successfully reloaded assembly
- Completed reload, in  0.717 seconds
Platform modules already initialized, skipping
Refreshing native plugins compatible for Editor in 0.23 ms, found 0 plugins.
Preloading 0 native plugins for Editor in 0.00 ms.
Unloading 1406 Unused Serialized files (Serialized files now loaded: 0)
System memory in use before: 68.1 MB.
System memory in use after: 68.2 MB.

Unloading 5 unused Assets to reduce memory usage. Loaded Objects now: 1859.
Total: 6.101300 ms (FindLiveObjects: 0.431300 ms CreateObjectMapping: 0.222000 ms MarkObjects: 5.271800 ms  DeleteObjects: 0.172800 ms)

========================================================================
Received Import Request.
  Time since last request: 91.736231 seconds.
  path: Assets/InputS/player.inputactions
  artifactKey: Guid(9abbec16ce5a79d4f9062fd125c3cefa) Importer(815301076,1909f56bfc062723c751e8b465ee728b)
Start importing Assets/InputS/player.inputactions using Guid(9abbec16ce5a79d4f9062fd125c3cefa) Importer(815301076,1909f56bfc062723c751e8b465ee728b)  -> (artifact id: '081874fb9c72136e38b28c2068b6f07b') in 0.029899 seconds
  Import took 0.034599 seconds .

========================================================================
Received Import Request.
  Time since last request: 4.586049 seconds.
  path: Assets/Scripts/Movimiento.cs
  artifactKey: Guid(ca1a0a00d5902e243bd990841b4e376c) Importer(815301076,1909f56bfc062723c751e8b465ee728b)
Start importing Assets/Scripts/Movimiento.cs using Guid(ca1a0a00d5902e243bd990841b4e376c) Importer(815301076,1909f56bfc062723c751e8b465ee728b)  -> (artifact id: 'da430fcdb977662878ea41bc9feba097') in 0.009209 seconds
  Import took 0.011265 seconds .

========================================================================
Received Import Request.
  Time since last request: 0.016990 seconds.
  path: Assets/Scripts/Movimiento.cs
  artifactKey: Guid(ca1a0a00d5902e243bd990841b4e376c) Importer(815301076,1909f56bfc062723c751e8b465ee728b)
Start importing Assets/Scripts/Movimiento.cs using Guid(ca1a0a00d5902e243bd990841b4e376c) Importer(815301076,1909f56bfc062723c751e8b465ee728b)  -> (artifact id: 'da430fcdb977662878ea41bc9feba097') in 0.003843 seconds
  Import took 0.005898 seconds .

========================================================================
Received Import Request.
  Time since last request: 67.416376 seconds.
  path: Assets/InputS/player.inputactions
  artifactKey: Guid(9abbec16ce5a79d4f9062fd125c3cefa) Importer(815301076,1909f56bfc062723c751e8b465ee728b)
Start importing Assets/InputS/player.inputactions using Guid(9abbec16ce5a79d4f9062fd125c3cefa) Importer(815301076,1909f56bfc062723c751e8b465ee728b)  -> (artifact id: 'b56b92c80f36e8a97437b489a34e043e') in 0.004269 seconds
  Import took 0.006477 seconds .

========================================================================
Received Import Request.
  Time since last request: 1.924542 seconds.
  path: Assets/InputS/player.cs
  artifactKey: Guid(304768b0338a4f14cab4d39273d975a9) Importer(815301076,1909f56bfc062723c751e8b465ee728b)
Start importing Assets/InputS/player.cs using Guid(304768b0338a4f14cab4d39273d975a9) Importer(815301076,1909f56bfc062723c751e8b465ee728b)  -> (artifact id: 'ed75aa6c7042a80cc2c12bc8587f667c') in 0.004562 seconds
  Import took 0.050929 seconds .

========================================================================
Received Prepare
Registering precompiled user dll's ...
Registered in 0.000823 seconds.
Begin MonoManager ReloadAssembly
Native extension for WindowsStandalone target not found
Refreshing native plugins compatible for Editor in 0.30 ms, found 0 plugins.
Preloading 0 native plugins for Editor in 0.00 ms.
Invoked RoslynAnalysisRunner static constructor.
RoslynAnalysisRunner will not be running.
RoslynAnalysisRunner has terminated.
Mono: successfully reloaded assembly
- Completed reload, in  0.726 seconds
Platform modules already initialized, skipping
Refreshing native plugins compatible for Editor in 0.23 ms, found 0 plugins.
Preloading 0 native plugins for Editor in 0.00 ms.
Unloading 1406 Unused Serialized files (Serialized files now loaded: 0)
System memory in use before: 68.2 MB.
System memory in use after: 68.2 MB.

Unloading 5 unused Assets to reduce memory usage. Loaded Objects now: 1862.
Total: 1.661500 ms (FindLiveObjects: 0.139900 ms CreateObjectMapping: 0.037700 ms MarkObjects: 1.442300 ms  DeleteObjects: 0.040300 ms)

========================================================================
Received Prepare
Registering precompiled user dll's ...
Registered in 0.000515 seconds.
Begin MonoManager ReloadAssembly
Native extension for WindowsStandalone target not found
Refreshing native plugins compatible for Editor in 0.22 ms, found 0 plugins.
Preloading 0 native plugins for Editor in 0.00 ms.
Invoked RoslynAnalysisRunner static constructor.
RoslynAnalysisRunner will not be running.
RoslynAnalysisRunner has terminated.
Mono: successfully reloaded assembly
- Completed reload, in  0.704 seconds
Platform modules already initialized, skipping
Refreshing native plugins compatible for Editor in 0.25 ms, found 0 plugins.
Preloading 0 native plugins for Editor in 0.00 ms.
Unloading 1406 Unused Serialized files (Serialized files now loaded: 0)
System memory in use before: 68.2 MB.
System memory in use after: 68.3 MB.

Unloading 5 unused Assets to reduce memory usage. Loaded Objects now: 1865.
Total: 1.716100 ms (FindLiveObjects: 0.212700 ms CreateObjectMapping: 0.064000 ms MarkObjects: 1.393400 ms  DeleteObjects: 0.044300 ms)

AssetImportWorkerClient::OnTransportError - code=2 error=End of file
